<?xml version="1.0"?>

<ruleset name="Custom Rules"
         xmlns="http://pmd.sourceforge.net/ruleset/2.0.0"
         xmlns:xsi="http://www.w3.org/2001/XMLSchema-instance"
         xsi:schemaLocation="http://pmd.sourceforge.net/ruleset/2.0.0 https://pmd.sourceforge.net/ruleset_2_0_0.xsd">

    <description>
        Custom rules
    </description>


    <rule ref="category/java/bestpractices.xml">
        <exclude name="JUnitAssertionsShouldIncludeMessage" />
        <exclude name="JUnitTestsShouldIncludeAssert" />
        <exclude name="JUnitTestContainsTooManyAsserts" />
    </rule>

    <rule ref="category/java/codestyle.xml">
        <exclude name="AtLeastOneConstructor" />
        <exclude name="CallSuperInConstructor" />
        <exclude name="ClassNamingConventions" />
        <exclude name="CommentDefaultAccessModifier" />
        <exclude name="DefaultPackage" />
        <exclude name="LinguisticNaming" />
        <exclude name="LocalVariableCouldBeFinal" />
        <exclude name="LongVariable" />
        <exclude name="MethodArgumentCouldBeFinal" />
        <exclude name="ShortVariable" />
        <exclude name="TooManyStaticImports" />
    </rule>

    <rule ref="category/java/design.xml">
        <exclude name="ImmutableField" />
        <exclude name="LawOfDemeter" />
        <exclude name="LoosePackageCoupling" />
        <exclude name="SignatureDeclareThrowsException" />
        <exclude name="TooManyMethods" />
        <exclude name="UseUtilityClass" />
    </rule>

    <rule ref="category/java/errorprone.xml">
        <exclude name="AvoidDuplicateLiterals" />
        <exclude name="BeanMembersShouldSerialize" />
        <exclude name="JUnitSpelling" />
    </rule>

    <rule ref="category/java/multithreading.xml">
    </rule>

    <rule ref="category/java/performance.xml">
    </rule>

    <rule ref="category/java/security.xml">
    </rule>

</ruleset>
